[debug] [2022-07-01T23:05:59.484Z] ----------------------------------------------------------------------
[debug] [2022-07-01T23:05:59.486Z] Command:       C:\Program Files\nodejs\node.exe C:\Users\fular\AppData\Roaming\npm\node_modules\firebase-tools\lib\bin\firebase.js init
[debug] [2022-07-01T23:05:59.486Z] CLI Version:   11.2.0
[debug] [2022-07-01T23:05:59.486Z] Platform:      win32
[debug] [2022-07-01T23:05:59.486Z] Node Version:  v18.1.0
[debug] [2022-07-01T23:05:59.487Z] Time:          Sat Jul 02 2022 04:35:59 GMT+0530 (India Standard Time)
[debug] [2022-07-01T23:05:59.487Z] ----------------------------------------------------------------------
[debug] 
[debug] [2022-07-01T23:05:59.493Z] > command requires scopes: ["email","openid","https://www.googleapis.com/auth/cloudplatformprojects.readonly","https://www.googleapis.com/auth/firebase","https://www.googleapis.com/auth/cloud-platform"]
[debug] [2022-07-01T23:05:59.493Z] > authorizing via signed-in user (fularamayank01@gmail.com)
[info] 
     ######## #### ########  ######## ########     ###     ######  ########
     ##        ##  ##     ## ##       ##     ##  ##   ##  ##       ##
     ######    ##  ########  ######   ########  #########  ######  ######
     ##        ##  ##    ##  ##       ##     ## ##     ##       ## ##
     ##       #### ##     ## ######## ########  ##     ##  ######  ########

You're about to initialize a Firebase project in this directory:

  D:\website

[info] 
=== Project Setup
[info] 
[info] First, let's associate this project directory with a Firebase project.
[info] You can create multiple project aliases by running firebase use --add, 
[info] but for now we'll just set up a default project.
[info] 
[debug] [2022-07-01T23:06:06.443Z] >>> [apiv2][query] GET https://firebase.googleapis.com/v1beta1/projects pageSize=100
[debug] [2022-07-01T23:06:07.208Z] <<< [apiv2][status] GET https://firebase.googleapis.com/v1beta1/projects 200
[debug] [2022-07-01T23:06:07.208Z] <<< [apiv2][body] GET https://firebase.googleapis.com/v1beta1/projects [omitted]
[info] i  Using project mayankfulara-f791d (MayankFulara) 
[info] 
=== Hosting Setup
[info] 
[info] Your public directory is the folder (relative to your project directory) that
[info] will contain Hosting assets to be uploaded with firebase deploy. If you
[info] have a build process for your assets, use your build's output directory.
[info] 
[debug] [2022-07-01T23:06:17.304Z] >>> [apiv2][query] GET https://www.gstatic.com/firebasejs/releases.json [none]
[debug] [2022-07-01T23:06:17.487Z] <<< [apiv2][status] GET https://www.gstatic.com/firebasejs/releases.json 200
[debug] [2022-07-01T23:06:17.488Z] <<< [apiv2][body] GET https://www.gstatic.com/firebasejs/releases.json {"current":{"version":"9.8.4","browserURL":"https://www.gstatic.com/firebasejs/9.8.4/firebase.js","packageURL":"https://www.gstatic.com/firebasejs/9.8.4/firebase.tgz"},"live":{"version":"9.8","browserURL":"https://www.gstatic.com/firebasejs/live/9.8/firebase.js","packageURL":"https://www.gstatic.com/firebasejs/live/9.8/firebase.tgz"},"components":{"analytics":"https://www.gstatic.com/firebasejs/9.8.4/firebase-analytics.js","app":"https://www.gstatic.com/firebasejs/9.8.4/firebase-app.js","app-check":"https://www.gstatic.com/firebasejs/9.8.4/firebase-app-check.js","auth":"https://www.gstatic.com/firebasejs/9.8.4/firebase-auth.js","auth/cordova":"https://www.gstatic.com/firebasejs/9.8.4/firebase-auth/cordova.js","auth/react-native":"https://www.gstatic.com/firebasejs/9.8.4/firebase-auth/react-native.js","functions":"https://www.gstatic.com/firebasejs/9.8.4/firebase-functions.js","firestore":"https://www.gstatic.com/firebasejs/9.8.4/firebase-firestore.js","firestore/lite":"https://www.gstatic.com/firebasejs/9.8.4/firebase-firestore/lite.js","storage":"https://www.gstatic.com/firebasejs/9.8.4/firebase-storage.js","performance":"https://www.gstatic.com/firebasejs/9.8.4/firebase-performance.js","remote-config":"https://www.gstatic.com/firebasejs/9.8.4/firebase-remote-config.js","messaging":"https://www.gstatic.com/firebasejs/9.8.4/firebase-messaging.js","messaging/sw":"https://www.gstatic.com/firebasejs/9.8.4/firebase-messaging/sw.js","database":"https://www.gstatic.com/firebasejs/9.8.4/firebase-database.js","firestore.memory":"https://www.gstatic.com/firebasejs/9.8.4/firebase-firestore.memory.js"}}
[info] +  Wrote public/index.html 
[info] 
[info] i  Didn't detect a .git folder. Assuming D:\website is the project root. 
[info] i  Authorizing with GitHub to upload your service account to a GitHub repository's secrets store. 
[info] 
[info] Visit this URL on this device to log in:
[info] https://github.com/login/oauth/authorize?client_id=89cf50f02ac6aaed3484&state=780926945&redirect_uri=http%3A%2F%2Flocalhost%3A9005&scope=read%3Auser%20repo%20public_repo
[info] 
[info] Waiting for authentication...
[debug] [2022-07-01T23:06:21.910Z] >>> [apiv2][query] POST https://github.com/login/oauth/access_token [none]
[debug] [2022-07-01T23:06:21.910Z] >>> [apiv2][body] POST https://github.com/login/oauth/access_token [stream]
[debug] [2022-07-01T23:06:22.344Z] <<< [apiv2][status] POST https://github.com/login/oauth/access_token 200
[debug] [2022-07-01T23:06:22.345Z] <<< [apiv2][body] POST https://github.com/login/oauth/access_token {"access_token":"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","token_type":"bearer","scope":"read:user,repo"}
[debug] [2022-07-01T23:06:22.351Z] >>> [apiv2][query] GET https://api.github.com/user [none]
[debug] [2022-07-01T23:06:22.762Z] <<< [apiv2][status] GET https://api.github.com/user 200
[debug] [2022-07-01T23:06:22.762Z] <<< [apiv2][body] GET https://api.github.com/user {"login":"mayankfulara","id":40884356,"node_id":"MDQ6VXNlcjQwODg0MzU2","avatar_url":"https://avatars.githubusercontent.com/u/40884356?v=4","gravatar_id":"","url":"https://api.github.com/users/mayankfulara","html_url":"https://github.com/mayankfulara","followers_url":"https://api.github.com/users/mayankfulara/followers","following_url":"https://api.github.com/users/mayankfulara/following{/other_user}","gists_url":"https://api.github.com/users/mayankfulara/gists{/gist_id}","starred_url":"https://api.github.com/users/mayankfulara/starred{/owner}{/repo}","subscriptions_url":"https://api.github.com/users/mayankfulara/subscriptions","organizations_url":"https://api.github.com/users/mayankfulara/orgs","repos_url":"https://api.github.com/users/mayankfulara/repos","events_url":"https://api.github.com/users/mayankfulara/events{/privacy}","received_events_url":"https://api.github.com/users/mayankfulara/received_events","type":"User","site_admin":false,"name":null,"company":null,"blog":"","location":null,"email":null,"hireable":null,"bio":null,"twitter_username":null,"public_repos":5,"public_gists":0,"followers":0,"following":0,"created_at":"2018-07-06T07:53:41Z","updated_at":"2022-05-13T14:31:53Z","private_gists":0,"total_private_repos":1,"owned_private_repos":1,"disk_usage":5810,"collaborators":0,"two_factor_authentication":false,"plan":{"name":"free","space":976562499,"collaborators":0,"private_repos":10000}}
[info] 
[info] +  Success! Logged into GitHub as mayankfulara 
[info] 
[debug] [2022-07-01T23:07:11.042Z] >>> [apiv2][query] GET https://api.github.com/repos//actions/secrets/public-key type=owner
[debug] [2022-07-01T23:07:11.381Z] <<< [apiv2][status] GET https://api.github.com/repos//actions/secrets/public-key 404
[debug] [2022-07-01T23:07:11.381Z] <<< [apiv2][body] GET https://api.github.com/repos//actions/secrets/public-key {"message":"Not Found","documentation_url":"https://docs.github.com/rest"}
[debug] [2022-07-01T23:07:12.490Z] >>> [apiv2][query] GET https://api.github.com/repos//actions/secrets/public-key type=owner
[debug] [2022-07-01T23:07:12.900Z] <<< [apiv2][status] GET https://api.github.com/repos//actions/secrets/public-key 404
[debug] [2022-07-01T23:07:12.900Z] <<< [apiv2][body] GET https://api.github.com/repos//actions/secrets/public-key {"message":"Not Found","documentation_url":"https://docs.github.com/rest"}
[debug] [2022-07-01T23:07:25.233Z] Error: kill ENOSYS
    at process.kill (node:internal/process/per_thread:220:13)
    at process.listener (C:\Users\fular\AppData\Roaming\npm\node_modules\firebase-tools\node_modules\signal-exit\index.js:95:15)
    at process.emit (node:events:527:28)
[error] 
[error] Error: An unexpected error has occurred.
